{"/Users/maurice/Code/laravel-starter-kit/resources/js/lib/utils.ts": {"path":"/Users/maurice/Code/laravel-starter-kit/resources/js/lib/utils.ts","statementMap":{"0":{"start":{"line":6,"column":4},"end":{"line":6,"column":null}}},"fnMap":{"0":{"name":"cn","decl":{"start":{"line":5,"column":16},"end":{"line":5,"column":19}},"loc":{"start":{"line":5,"column":44},"end":{"line":7,"column":null}},"line":5}},"branchMap":{},"s":{"0":2},"f":{"0":2},"b":{},"meta":{"lastBranch":0,"lastFunction":1,"lastStatement":1,"seen":{"f:5:16:5:19":0,"s:6:4:6:Infinity":0},"fnNames":{}}}
,"/Users/maurice/Code/laravel-starter-kit/resources/js/pages/Welcome.vue": {"path":"/Users/maurice/Code/laravel-starter-kit/resources/js/pages/Welcome.vue","statementMap":{"0":{"start":{"line":7,"column":57},"end":{"line":8,"column":72}}},"fnMap":{"0":{"name":"(anonymous_0)","decl":{"start":{"line":7,"column":8},"end":{"line":7,"column":14}},"loc":{"start":{"line":7,"column":57},"end":{"line":8,"column":72}},"line":7}},"branchMap":{"0":{"loc":{"start":{"line":7,"column":57},"end":{"line":8,"column":72}},"type":"binary-expr","locations":[{"start":{"line":7,"column":57},"end":{"line":7,"column":null}},{"start":{"line":7,"column":57},"end":{"line":8,"column":72}}],"line":7}},"s":{"0":1},"f":{"0":1},"b":{"0":[1,1]},"meta":{"lastBranch":1,"lastFunction":1,"lastStatement":1,"seen":{"f:7:8:7:14":0,"s:7:57:8:72":0,"b:7:57:7:Infinity:7:57:8:72":0},"fnNames":{}}}
}
